\BOOKMARK [0][]{chapter.1}{\376\377\173\054\116\000\172\340\000\040\127\372\170\100\226\306\124\010\213\272}{}% 1
\BOOKMARK [1][]{section.1.1}{\376\377\0001\000.\0001\000\040\226\306\124\010\166\204\217\320\173\227}{chapter.1}% 2
\BOOKMARK [1][]{section.1.2}{\376\377\0001\000.\0002\000\040\226\306\124\010\166\204\133\371\173\111}{chapter.1}% 3
\BOOKMARK [1][]{section.1.3}{\376\377\0001\000.\0003\000\040\226\306\124\010\166\204\127\372\145\160}{chapter.1}% 4
\BOOKMARK [1][]{section.1.4}{\376\377\0001\000.\0004\000\040\215\335\171\273\172\172\225\364}{chapter.1}% 5
\BOOKMARK [1][]{section.1.5}{\376\377\0001\000.\0005\000\040\137\000\226\306\060\001\225\355\226\306\123\312\121\166\147\204\220\040}{chapter.1}% 6
\BOOKMARK [1][]{section.1.6}{\376\377\0001\000.\0006\000\040\000C\000a\000n\000t\000o\000r\226\306}{chapter.1}% 7
\BOOKMARK [0][]{chapter.2}{\376\377\173\054\116\214\172\340\000\040\000L\000e\000b\000e\000s\000g\000u\000e\155\113\136\246}{}% 8
\BOOKMARK [1][]{section.2.1}{\376\377\0002\000.\0001\000\040\131\026\155\113\136\246}{chapter.2}% 9
\BOOKMARK [1][]{section.2.2}{\376\377\0002\000.\0002\000\040\123\357\155\113\226\306\123\312\121\166\155\113\136\246}{chapter.2}% 10
\BOOKMARK [1][]{section.2.3}{\376\377\0002\000.\0003\000\040\123\357\155\113\226\306\145\317}{chapter.2}% 11
\BOOKMARK [1][]{section.2.4}{\376\377\0002\000.\0004\000\040\116\015\123\357\155\113\226\306}{chapter.2}% 12
\BOOKMARK [1][]{section.2.5}{\376\377\0002\000.\0005\000\040\116\130\171\357\155\113\136\246}{chapter.2}% 13
\BOOKMARK [0][]{chapter.3}{\376\377\173\054\116\011\172\340\000\040\123\357\155\113\121\375\145\160}{}% 14
\BOOKMARK [1][]{section.3.1}{\376\377\0003\000.\0001\000\040\123\357\155\113\121\375\145\160\166\204\133\232\116\111\124\214\140\047\215\050}{chapter.3}% 15
\BOOKMARK [1][]{section.3.2}{\376\377\0003\000.\0002\000\040\123\357\155\113\121\375\145\160\166\204\145\066\145\133\140\047}{chapter.3}% 16
\BOOKMARK [1][]{section.3.3}{\376\377\0003\000.\0003\000\040\123\357\155\113\121\375\145\160\166\204\217\336\176\355\140\047}{chapter.3}% 17
\BOOKMARK [0][]{chapter.4}{\376\377\173\054\126\333\172\340\000\040\000L\000e\000b\000e\000s\000g\000u\000e\171\357\122\006}{}% 18
\BOOKMARK [1][]{section.4.1}{\376\377\0004\000.\0001\000\040\227\136\215\037\123\357\155\113\121\375\145\160\166\204\171\357\122\006}{chapter.4}% 19
\BOOKMARK [1][]{section.4.2}{\376\377\0004\000.\0002\000\040\116\000\202\054\123\357\155\113\121\375\145\160\166\204\171\357\122\006}{chapter.4}% 20
\BOOKMARK [1][]{section.4.3}{\376\377\0004\000.\0003\000\040\000L\000e\000b\000e\000s\000g\000u\000e\171\357\122\006\116\016\000R\000i\000e\000m\000a\000n\000n\171\357\122\006\166\204\121\163\174\373}{chapter.4}% 21
\BOOKMARK [1][]{section.4.4}{\376\377\0004\000.\0004\000\040\221\315\171\357\122\006\116\016\175\057\153\041\171\357\122\006\166\204\121\163\174\373}{chapter.4}% 22
\BOOKMARK [0][]{chapter.5}{\376\377\173\054\116\224\172\340\000\040\116\140\230\230\226\306}{}% 23
